2025-10-03 17:47:54,557 - INFO - Version Control initialized with pattern: 'TEST__{sha12}_v{N}.json'
2025-10-03 17:47:54,612 - INFO - Version Control initialized with pattern: 'TEST__{sha12}_v{N}.json'
2025-10-03 17:47:54,616 - INFO - Successfully saved new version: test_outputs/fs/ver/my_file_TEST__b68e6ad9262a_v1.json
2025-10-03 17:47:54,617 - INFO - Version Control initialized with pattern: 'TEST__{sha12}_v{N}.json'
2025-10-03 17:47:54,619 - INFO - Successfully saved new version: test_outputs/fs/ver/my_data_TEST__aed16587a5b2_v1.json
2025-10-03 17:47:54,620 - INFO - Successfully saved metadata: test_outputs/fs/ver/my_data_TEST__aed16587a5b2_v1.meta.json
2025-10-03 17:47:54,621 - INFO - Version Control initialized with pattern: 'TEST__{sha12}_v{N}.json'
2025-10-03 17:47:54,624 - INFO - Successfully saved new version: test_outputs/fs/ver/my_file_TEST__b68e6ad9262a_v1.json
2025-10-03 17:47:54,625 - INFO - Version Control initialized with pattern: 'TEST__{sha12}_v{N}.json'
2025-10-03 17:47:54,627 - INFO - Successfully saved new version: test_outputs/fs/ver/my_file_TEST__4b1e210a444d_v1.json
2025-10-03 17:47:54,628 - INFO - Successfully saved new version: test_outputs/fs/ver/my_file_TEST__3e055adceb47_v2.json
2025-10-03 17:48:15,592 - INFO - Version Control initialized with pattern: 'TEST__{sha12}_v{N}.json'
2025-10-03 17:48:15,602 - INFO - Version Control initialized with pattern: 'TEST__{sha12}_v{N}.json'
2025-10-03 17:48:15,603 - INFO - Successfully saved new version: test_outputs/fs/ver/my_file_TEST__b68e6ad9262a_v1.json
2025-10-03 17:48:15,604 - INFO - Version Control initialized with pattern: 'TEST__{sha12}_v{N}.json'
2025-10-03 17:48:15,606 - INFO - Successfully saved new version: test_outputs/fs/ver/my_data_TEST__aed16587a5b2_v1.json
2025-10-03 17:48:15,606 - INFO - Successfully saved metadata: test_outputs/fs/ver/my_data_TEST__aed16587a5b2_v1.meta.json
2025-10-03 17:48:15,607 - INFO - Version Control initialized with pattern: 'TEST__{sha12}_v{N}.json'
2025-10-03 17:48:15,608 - INFO - Successfully saved new version: test_outputs/fs/ver/my_file_TEST__b68e6ad9262a_v1.json
2025-10-03 17:48:15,609 - INFO - Version Control initialized with pattern: 'TEST__{sha12}_v{N}.json'
2025-10-03 17:48:15,610 - INFO - Successfully saved new version: test_outputs/fs/ver/my_file_TEST__4b1e210a444d_v1.json
2025-10-03 17:48:15,610 - INFO - Successfully saved new version: test_outputs/fs/ver/my_file_TEST__3e055adceb47_v2.json
2025-10-03 18:43:57,219 - INFO - Version Control initialized with pattern: 'test_v{N}_{sha12}.json'
2025-10-03 18:43:57,220 - INFO - [TagGenerator] Starting tag generation process.
2025-10-03 18:43:57,220 - INFO - Initial candidate pool size: 48
2025-10-03 18:43:57,221 - INFO - Pool size after cleaning and filtering: 23
2025-10-03 18:43:57,221 - INFO - [TagGenerator] Successfully generated 13 final tags.
2025-10-03 18:43:57,221 - INFO - [TagGenerator] Successfully saved tags with metadata.
2025-10-03 18:43:57,223 - INFO - [TagGenerator] Starting tag generation process.
2025-10-03 18:43:57,223 - WARNING - [TagGenerator] Candidate pool is empty. Cannot generate tags.
2025-10-03 18:44:38,908 - INFO - Version Control initialized with pattern: 'test_v{N}_{sha12}.json'
2025-10-03 18:44:38,909 - INFO - [TagGenerator] Starting tag generation process.
2025-10-03 18:44:38,909 - INFO - Initial candidate pool size: 48
2025-10-03 18:44:38,909 - INFO - Pool size after cleaning and filtering: 23
2025-10-03 18:44:38,909 - INFO - [TagGenerator] Successfully generated 13 final tags.
2025-10-03 18:44:38,910 - INFO - [TagGenerator] Successfully saved tags with metadata.
2025-10-03 18:44:38,911 - INFO - [TagGenerator] Starting tag generation process.
2025-10-03 18:44:38,911 - WARNING - [TagGenerator] Candidate pool is empty. Cannot generate tags.
2025-10-03 18:50:11,802 - INFO - Version Control initialized with pattern: 'test_v{N}_{sha12}.json'
2025-10-03 18:50:11,803 - INFO - [TagGenerator] Starting tag generation process.
2025-10-03 18:50:11,803 - INFO - Initial candidate pool size: 48
2025-10-03 18:50:11,803 - INFO - Pool size after cleaning and filtering: 23
2025-10-03 18:50:11,803 - INFO - [TagGenerator] Successfully generated 13 final tags.
2025-10-03 18:50:11,804 - INFO - [TagGenerator] Successfully saved tags with metadata.
2025-10-03 18:50:11,805 - INFO - [TagGenerator] Starting tag generation process.
2025-10-03 18:50:11,805 - WARNING - [TagGenerator] Candidate pool is empty. Cannot generate tags.
2025-10-03 19:00:28,796 - INFO - Version Control initialized with pattern: 'FINALSET__%Y%m%d_%H%M__v{N}__{sha12}.json'
2025-10-03 19:00:28,798 - INFO - Successfully saved new version: outputs/fs/ver/assembled_listing_FINALSET__%Y%m%d_%H%M__v1__4d21de33fb98.json
2025-10-03 19:00:28,798 - INFO - Successfully saved metadata: outputs/fs/ver/assembled_listing_FINALSET__%Y%m%d_%H%M__v1__4d21de33fb98.meta.json
2025-10-03 19:01:52,329 - INFO - Version Control initialized with pattern: 'FINALSET__%Y%m%d_%H%M__v{N}__{sha12}.json'
2025-10-03 19:01:52,330 - INFO - Successfully saved new version: outputs/fs/ver/assembled_listing_FINALSET__%Y%m%d_%H%M__v1__4d21de33fb98.json
2025-10-03 19:01:52,330 - INFO - Successfully saved metadata: outputs/fs/ver/assembled_listing_FINALSET__%Y%m%d_%H%M__v1__4d21de33fb98.meta.json
2025-10-03 19:02:41,106 - INFO - Version Control initialized with pattern: 'FINALSET__%Y%m%d_%H%M__v{N}__{sha12}.json'
2025-10-03 19:02:41,108 - INFO - Successfully saved new version: outputs/fs/ver/assembled_listing_FINALSET__20251003_1902__v1__4d21de33fb98.json
2025-10-03 19:02:41,108 - INFO - Successfully saved metadata: outputs/fs/ver/assembled_listing_FINALSET__20251003_1902__v1__4d21de33fb98.meta.json
2025-10-03 19:03:27,120 - INFO - Version Control initialized with pattern: 'FINALSET__%Y%m%d_%H%M__v{N}__{sha12}.json'
2025-10-03 19:03:27,121 - INFO - Successfully saved new version: outputs/fs/ver/assembled_listing_FINALSET__20251003_1903__v1__4d21de33fb98.json
2025-10-03 19:03:27,121 - INFO - Successfully saved metadata: outputs/fs/ver/assembled_listing_FINALSET__20251003_1903__v1__4d21de33fb98.meta.json
2025-10-03 19:06:01,246 - INFO - Version Control initialized with pattern: 'FINALSET__%Y%m%d_%H%M__v{N}__{sha12}.json'
2025-10-03 19:06:01,250 - INFO - Successfully saved new version: outputs/fs/ver/assembled_listing_FINALSET__20251003_1906__v1__4d21de33fb98.json
2025-10-03 19:06:01,251 - INFO - Successfully saved metadata: outputs/fs/ver/assembled_listing_FINALSET__20251003_1906__v1__4d21de33fb98.meta.json
2025-10-03 19:06:47,727 - INFO - Version Control initialized with pattern: 'FINALSET__%Y%m%d_%H%M__v{N}__{sha12}.json'
2025-10-03 19:06:47,728 - INFO - Successfully saved new version: outputs/fs/ver/assembled_listing_FINALSET__20251003_1906__v1__4d21de33fb98.json
2025-10-03 19:06:47,730 - INFO - Successfully saved metadata: outputs/fs/ver/assembled_listing_FINALSET__20251003_1906__v1__4d21de33fb98.meta.json
2025-10-03 19:08:50,052 - INFO - Version Control initialized with pattern: 'FINALSET__%Y%m%d_%H%M__v{N}__{sha12}.json'
2025-10-03 19:08:50,055 - INFO - Successfully saved new version: outputs/fs/ver/assembled_listing_FINALSET__20251003_1908__v1__4d21de33fb98.json
2025-10-03 19:08:50,056 - INFO - Successfully saved metadata: outputs/fs/ver/assembled_listing_FINALSET__20251003_1908__v1__4d21de33fb98.meta.json
2025-10-03 19:09:34,800 - INFO - Version Control initialized with pattern: 'FINALSET__%Y%m%d_%H%M__v{N}__{sha12}.json'
2025-10-03 19:09:34,802 - INFO - Successfully saved new version: outputs/fs/ver/assembled_listing_FINALSET__20251003_1909__v1__4d21de33fb98.json
2025-10-03 19:09:34,802 - INFO - Successfully saved metadata: outputs/fs/ver/assembled_listing_FINALSET__20251003_1909__v1__4d21de33fb98.meta.json
2025-10-03 19:10:53,040 - INFO - Version Control initialized with pattern: 'FINALSET__%Y%m%d_%H%M__v{N}__{sha12}.json'
2025-10-03 19:10:53,041 - INFO - Successfully saved new version: outputs/fs/ver/assembled_listing_FINALSET__20251003_1910__v1__4d21de33fb98.json
2025-10-03 19:10:53,042 - INFO - Successfully saved metadata: outputs/fs/ver/assembled_listing_FINALSET__20251003_1910__v1__4d21de33fb98.meta.json
2025-10-03 19:12:19,742 - INFO - Version Control initialized with pattern: 'FINALSET__%Y%m%d_%H%M__v{N}__{sha12}.json'
2025-10-03 19:12:19,743 - INFO - Successfully saved new version: outputs/fs/ver/assembled_listing_FINALSET__20251003_1912__v1__4d21de33fb98.json
2025-10-03 19:12:19,744 - INFO - Successfully saved metadata: outputs/fs/ver/assembled_listing_FINALSET__20251003_1912__v1__4d21de33fb98.meta.json
2025-10-03 19:13:02,736 - INFO - Version Control initialized with pattern: 'FINALSET__%Y%m%d_%H%M__v{N}__{sha12}.json'
2025-10-03 19:13:02,737 - INFO - Successfully saved new version: outputs/fs/ver/assembled_listing_FINALSET__20251003_1913__v1__4d21de33fb98.json
2025-10-03 19:13:02,737 - INFO - Successfully saved metadata: outputs/fs/ver/assembled_listing_FINALSET__20251003_1913__v1__4d21de33fb98.meta.json
2025-10-03 19:14:06,157 - INFO - Version Control initialized with pattern: 'FINALSET__%Y%m%d_%H%M__v{N}__{sha12}.json'
2025-10-03 19:14:06,158 - INFO - Successfully saved new version: outputs/fs/ver/assembled_listing_FINALSET__20251003_1914__v1__4d21de33fb98.json
2025-10-03 19:14:06,158 - INFO - Successfully saved metadata: outputs/fs/ver/assembled_listing_FINALSET__20251003_1914__v1__4d21de33fb98.meta.json
2025-10-03 19:14:24,004 - INFO - Version Control initialized with pattern: 'FINALSET__%Y%m%d_%H%M__v{N}__{sha12}.json'
2025-10-03 19:14:24,005 - INFO - Successfully saved new version: outputs/fs/ver/etsy_listing_export_FINALSET__20251003_1914__v1__aa9266c325d4.json
2025-10-03 19:14:24,006 - INFO - Successfully saved metadata: outputs/fs/ver/etsy_listing_export_FINALSET__20251003_1914__v1__aa9266c325d4.meta.json
2025-10-03 19:15:29,769 - INFO - Version Control initialized with pattern: 'FINALSET__%Y%m%d_%H%M__v{N}__{sha12}.json'
2025-10-03 19:15:29,770 - INFO - Successfully saved new version: outputs/fs/ver/etsy_listing_export_FINALSET__20251003_1915__v1__aa9266c325d4.csv
2025-10-03 19:15:29,770 - INFO - Successfully saved metadata: outputs/fs/ver/etsy_listing_export_FINALSET__20251003_1915__v1__aa9266c325d4.meta.json
